{"C:\\Users\\PC\\Testworkspace\\my-express-pug-app\\src\\services\\blog.service.ts": {"path":"C:\\Users\\PC\\Testworkspace\\my-express-pug-app\\src\\services\\blog.service.ts","statementMap":{"0":{"start":{"line":2,"column":0},"end":{"line":2,"column":36}},"1":{"start":{"line":5,"column":10},"end":{"line":5,"column":33}},"2":{"start":{"line":8,"column":4},"end":{"line":8,"column":22}},"3":{"start":{"line":12,"column":4},"end":{"line":12,"column":51}},"4":{"start":{"line":12,"column":35},"end":{"line":12,"column":49}},"5":{"start":{"line":16,"column":17},"end":{"line":19,"column":null}},"6":{"start":{"line":21,"column":4},"end":{"line":21,"column":29}},"7":{"start":{"line":22,"column":4},"end":{"line":22,"column":19}},"8":{"start":{"line":26,"column":18},"end":{"line":26,"column":62}},"9":{"start":{"line":26,"column":47},"end":{"line":26,"column":61}},"10":{"start":{"line":27,"column":4},"end":{"line":27,"column":39}},"11":{"start":{"line":27,"column":22},"end":{"line":27,"column":39}},"12":{"start":{"line":29,"column":4},"end":{"line":32,"column":6}},"13":{"start":{"line":33,"column":4},"end":{"line":33,"column":29}},"14":{"start":{"line":37,"column":18},"end":{"line":37,"column":62}},"15":{"start":{"line":37,"column":47},"end":{"line":37,"column":61}},"16":{"start":{"line":38,"column":4},"end":{"line":38,"column":35}},"17":{"start":{"line":38,"column":22},"end":{"line":38,"column":35}},"18":{"start":{"line":40,"column":4},"end":{"line":40,"column":32}},"19":{"start":{"line":41,"column":4},"end":{"line":41,"column":16}},"20":{"start":{"line":4,"column":0},"end":{"line":4,"column":13}}},"fnMap":{"0":{"name":"(anonymous_0)","decl":{"start":{"line":4,"column":0},"end":{"line":4,"column":13}},"loc":{"start":{"line":4,"column":0},"end":{"line":43,"column":1}}},"1":{"name":"(anonymous_1)","decl":{"start":{"line":7,"column":2},"end":{"line":7,"column":13}},"loc":{"start":{"line":7,"column":13},"end":{"line":9,"column":3}}},"2":{"name":"(anonymous_2)","decl":{"start":{"line":11,"column":2},"end":{"line":11,"column":13}},"loc":{"start":{"line":11,"column":24},"end":{"line":13,"column":3}}},"3":{"name":"(anonymous_3)","decl":{"start":{"line":12,"column":27},"end":{"line":12,"column":31}},"loc":{"start":{"line":12,"column":35},"end":{"line":12,"column":49}}},"4":{"name":"(anonymous_4)","decl":{"start":{"line":15,"column":2},"end":{"line":15,"column":12}},"loc":{"start":{"line":15,"column":40},"end":{"line":23,"column":3}}},"5":{"name":"(anonymous_5)","decl":{"start":{"line":25,"column":2},"end":{"line":25,"column":12}},"loc":{"start":{"line":25,"column":61},"end":{"line":34,"column":3}}},"6":{"name":"(anonymous_6)","decl":{"start":{"line":26,"column":39},"end":{"line":26,"column":43}},"loc":{"start":{"line":26,"column":47},"end":{"line":26,"column":61}}},"7":{"name":"(anonymous_7)","decl":{"start":{"line":36,"column":2},"end":{"line":36,"column":12}},"loc":{"start":{"line":36,"column":23},"end":{"line":42,"column":3}}},"8":{"name":"(anonymous_8)","decl":{"start":{"line":37,"column":39},"end":{"line":37,"column":43}},"loc":{"start":{"line":37,"column":47},"end":{"line":37,"column":61}}}},"branchMap":{"0":{"loc":{"start":{"line":27,"column":4},"end":{"line":27,"column":39}},"type":"if","locations":[{"start":{"line":27,"column":4},"end":{"line":27,"column":39}}]},"1":{"loc":{"start":{"line":38,"column":4},"end":{"line":38,"column":35}},"type":"if","locations":[{"start":{"line":38,"column":4},"end":{"line":38,"column":35}}]}},"s":{"0":1,"1":9,"2":2,"3":3,"4":1,"5":6,"6":6,"7":6,"8":2,"9":1,"10":2,"11":1,"12":1,"13":1,"14":2,"15":1,"16":2,"17":1,"18":1,"19":1,"20":1},"f":{"0":9,"1":2,"2":3,"3":1,"4":6,"5":2,"6":1,"7":2,"8":1},"b":{"0":[1],"1":[1]}}
}
