TN:
SF:src\services\blog.service.ts
FN:4,(anonymous_0)
FN:7,(anonymous_1)
FN:11,(anonymous_2)
FN:12,(anonymous_3)
FN:15,(anonymous_4)
FN:25,(anonymous_5)
FN:26,(anonymous_6)
FN:36,(anonymous_7)
FN:37,(anonymous_8)
FNF:9
FNH:9
FNDA:9,(anonymous_0)
FNDA:2,(anonymous_1)
FNDA:3,(anonymous_2)
FNDA:1,(anonymous_3)
FNDA:6,(anonymous_4)
FNDA:2,(anonymous_5)
FNDA:1,(anonymous_6)
FNDA:2,(anonymous_7)
FNDA:1,(anonymous_8)
DA:2,1
DA:4,1
DA:5,9
DA:8,2
DA:12,3
DA:16,6
DA:21,6
DA:22,6
DA:26,2
DA:27,2
DA:29,1
DA:33,1
DA:37,2
DA:38,2
DA:40,1
DA:41,1
LF:16
LH:16
BRDA:27,0,0,1
BRDA:38,1,0,1
BRF:2
BRH:2
end_of_record
